[ 2019-01-17T21:01:13+08:00 ] 127.0.0.1 /simple/index.php/Home/Knowleage/__ACTION__/itemCount/480
INFO: [ app_begin ] --START--
INFO: Run Behavior\ReadHtmlCacheBehavior [ RunTime:0.000000s ]
INFO: [ app_begin ] --END-- [ RunTime:0.002000s ]
ERR: 非法操作:__ACTION__

[ 2019-01-17T21:02:15+08:00 ] 127.0.0.1 /simple/index.php/Home/Knowleage/__ACTION__/itemCount/480
INFO: [ app_begin ] --START--
INFO: Run Behavior\ReadHtmlCacheBehavior [ RunTime:0.000000s ]
INFO: [ app_begin ] --END-- [ RunTime:0.001000s ]
ERR: 非法操作:__ACTION__

[ 2019-01-17T21:30:50+08:00 ] 127.0.0.1 /simple/index.php/Home/Knowleage/__ACTION__/itemCount/480
INFO: [ app_begin ] --START--
INFO: Run Behavior\ReadHtmlCacheBehavior [ RunTime:0.004000s ]
INFO: [ app_begin ] --END-- [ RunTime:0.007000s ]
ERR: 非法操作:__ACTION__

[ 2019-01-17T21:50:50+08:00 ] 127.0.0.1 /simple/index.php/Home/Knowleage/__ACTION__/itemCount/480
INFO: [ app_begin ] --START--
INFO: Run Behavior\ReadHtmlCacheBehavior [ RunTime:0.000000s ]
INFO: [ app_begin ] --END-- [ RunTime:0.001000s ]
ERR: 非法操作:__ACTION__

[ 2019-01-17T22:17:30+08:00 ] 127.0.0.1 /simple/index.php/Home/Knowleage/__ACTION__/itemCount/480
INFO: [ app_begin ] --START--
INFO: Run Behavior\ReadHtmlCacheBehavior [ RunTime:0.001000s ]
INFO: [ app_begin ] --END-- [ RunTime:0.003000s ]
ERR: 非法操作:__ACTION__

